<?xml version="1.0" encoding="UTF-8"?>
<!-- Generated by org.testng.reporters.JUnitXMLReporter -->
<testsuite ignored="2" hostname="USER-PC" failures="2" tests="4" name="Test" time="93.875" errors="0" timestamp="09 Dec 2018 09:42:38 GMT">
  <testcase classname="com.accenture.ESC.HomePageTest" name="AcontactTabValidation" time="11.743">
    <failure type="java.lang.AssertionError" message="Incorrect text expected [CONTACT] but found [contact]">
      <![CDATA[java.lang.AssertionError: Incorrect text expected [CONTACT] but found [contact]
at com.accenture.ESC.HomePageTest.AcontactTabValidation(HomePageTest.java:114)
... Removed 30 stack frames]]>
    </failure>
  </testcase> <!-- AcontactTabValidation -->
  <testcase classname="com.accenture.ESC.HomePageTest" name="headerVerification" time="13.849"/>
  <testcase classname="com.accenture.ESC.HomePageTest" name="loginScenario" time="27.921">
    <failure type="java.lang.AssertionError" message="Wrong Credentials expected [https://sso.teachable.com/secure/9521/users/sign_in?flow_school_id=9521] but found [https://qaclickacademy.usefedora.com/gdpr/agree_updated_privacy_policy]">
      <![CDATA[java.lang.AssertionError: Wrong Credentials expected [https://sso.teachable.com/secure/9521/users/sign_in?flow_school_id=9521] but found [https://qaclickacademy.usefedora.com/gdpr/agree_updated_privacy_policy]
at com.accenture.ESC.HomePageTest.loginScenario(HomePageTest.java:35)
... Removed 30 stack frames]]>
    </failure>
  </testcase> <!-- loginScenario -->
  <testcase classname="com.accenture.ESC.HomePageTest" name="loginScenario" time="40.241"/>
  <testcase classname="com.accenture.ESC.HomePageTest" name="homeButtonScenario" time="0.0">
    <ignored/>
  </testcase> <!-- homeButtonScenario -->
  <testcase classname="com.accenture.ESC.HomePageTest" name="coursesButtonScenario" time="0.0">
    <ignored/>
  </testcase> <!-- coursesButtonScenario -->
</testsuite> <!-- Test -->
