<?xml version="1.0" encoding="UTF-8"?>
<testng-results ignored="0" total="6" passed="5" failed="1" skipped="0">
  <reporter-output>
  </reporter-output>
  <suite started-at="2018-12-11T13:28:26Z" name="Suite" finished-at="2018-12-11T13:30:57Z" duration-ms="150305">
    <groups>
    </groups>
    <test started-at="2018-12-11T13:28:26Z" name="HomePage" finished-at="2018-12-11T13:30:57Z" duration-ms="150305">
      <class name="com.accenture.ESC.HomePageTest">
        <test-method is-config="true" signature="initializeAndEnterUrl()[pri:0, instance:com.accenture.ESC.HomePageTest@672872e1]" started-at="2018-12-11T13:28:26Z" name="initializeAndEnterUrl" finished-at="2018-12-11T13:29:11Z" duration-ms="44209" status="PASS">
          <reporter-output>
          </reporter-output>
        </test-method> <!-- initializeAndEnterUrl -->
        <test-method signature="contactTabValidation()[pri:0, instance:com.accenture.ESC.HomePageTest@672872e1]" started-at="2018-12-11T13:29:11Z" name="contactTabValidation" finished-at="2018-12-11T13:29:12Z" duration-ms="1360" status="PASS">
          <reporter-output>
          </reporter-output>
        </test-method> <!-- contactTabValidation -->
        <test-method signature="coursesButtonScenario()[pri:0, instance:com.accenture.ESC.HomePageTest@672872e1]" started-at="2018-12-11T13:29:13Z" name="coursesButtonScenario" finished-at="2018-12-11T13:29:32Z" duration-ms="18529" status="PASS">
          <reporter-output>
          </reporter-output>
        </test-method> <!-- coursesButtonScenario -->
        <test-method signature="headerVerification()[pri:0, instance:com.accenture.ESC.HomePageTest@672872e1]" started-at="2018-12-11T13:29:33Z" name="headerVerification" finished-at="2018-12-11T13:29:33Z" duration-ms="310" status="PASS">
          <reporter-output>
          </reporter-output>
        </test-method> <!-- headerVerification -->
        <test-method signature="homeButtonScenario()[pri:0, instance:com.accenture.ESC.HomePageTest@672872e1]" started-at="2018-12-11T13:29:34Z" name="homeButtonScenario" finished-at="2018-12-11T13:29:52Z" duration-ms="18087" status="PASS">
          <reporter-output>
          </reporter-output>
        </test-method> <!-- homeButtonScenario -->
        <test-method signature="loginScenario(java.lang.String, java.lang.String, java.lang.String)[pri:0, instance:com.accenture.ESC.HomePageTest@672872e1]" started-at="2018-12-11T13:29:53Z" name="loginScenario" data-provider="loginCredentials" finished-at="2018-12-11T13:30:18Z" duration-ms="24762" status="FAIL">
          <params>
            <param index="0">
              <value>
                <![CDATA[barakatshk93@gmail.com]]>
              </value>
            </param>
            <param index="1">
              <value>
                <![CDATA[bigboss]]>
              </value>
            </param>
            <param index="2">
              <value>
                <![CDATA[Wrong Credentials]]>
              </value>
            </param>
          </params>
          <exception class="java.lang.AssertionError">
            <message>
              <![CDATA[Wrong Credentials expected [https://sso.teachable.com/secure/9521/users/sign_in?flow_school_id=9521] but found [https://qaclickacademy.usefedora.com/gdpr/agree_updated_privacy_policy]]]>
            </message>
            <full-stacktrace>
              <![CDATA[java.lang.AssertionError: Wrong Credentials expected [https://sso.teachable.com/secure/9521/users/sign_in?flow_school_id=9521] but found [https://qaclickacademy.usefedora.com/gdpr/agree_updated_privacy_policy]
at org.testng.Assert.fail(Assert.java:96)
at org.testng.Assert.failNotEquals(Assert.java:776)
at org.testng.Assert.assertEqualsImpl(Assert.java:137)
at org.testng.Assert.assertEquals(Assert.java:118)
at org.testng.Assert.assertEquals(Assert.java:453)
at com.accenture.ESC.HomePageTest.loginScenario(HomePageTest.java:59)
at java.base/jdk.internal.reflect.NativeMethodAccessorImpl.invoke0(Native Method)
at java.base/jdk.internal.reflect.NativeMethodAccessorImpl.invoke(NativeMethodAccessorImpl.java:62)
at java.base/jdk.internal.reflect.DelegatingMethodAccessorImpl.invoke(DelegatingMethodAccessorImpl.java:43)
at java.base/java.lang.reflect.Method.invoke(Method.java:564)
at org.testng.internal.MethodInvocationHelper.invokeMethod(MethodInvocationHelper.java:124)
at org.testng.internal.Invoker.invokeMethod(Invoker.java:583)
at org.testng.internal.Invoker.invokeTestMethod(Invoker.java:719)
at org.testng.internal.Invoker.invokeTestMethods(Invoker.java:989)
at org.testng.internal.TestMethodWorker.invokeTestMethods(TestMethodWorker.java:125)
at org.testng.internal.TestMethodWorker.run(TestMethodWorker.java:109)
at org.testng.TestRunner.privateRun(TestRunner.java:648)
at org.testng.TestRunner.run(TestRunner.java:505)
at org.testng.SuiteRunner.runTest(SuiteRunner.java:455)
at org.testng.SuiteRunner.runSequentially(SuiteRunner.java:450)
at org.testng.SuiteRunner.privateRun(SuiteRunner.java:415)
at org.testng.SuiteRunner.run(SuiteRunner.java:364)
at org.testng.SuiteRunnerWorker.runSuite(SuiteRunnerWorker.java:52)
at org.testng.SuiteRunnerWorker.run(SuiteRunnerWorker.java:84)
at org.testng.TestNG.runSuitesSequentially(TestNG.java:1208)
at org.testng.TestNG.runSuitesLocally(TestNG.java:1137)
at org.testng.TestNG.runSuites(TestNG.java:1049)
at org.testng.TestNG.run(TestNG.java:1017)
at org.testng.remote.AbstractRemoteTestNG.run(AbstractRemoteTestNG.java:114)
at org.testng.remote.RemoteTestNG.initAndRun(RemoteTestNG.java:251)
at org.testng.remote.RemoteTestNG.main(RemoteTestNG.java:77)
]]>
            </full-stacktrace>
          </exception> <!-- java.lang.AssertionError -->
          <reporter-output>
          </reporter-output>
        </test-method> <!-- loginScenario -->
        <test-method signature="loginScenario(java.lang.String, java.lang.String, java.lang.String)[pri:0, instance:com.accenture.ESC.HomePageTest@672872e1]" started-at="2018-12-11T13:30:18Z" name="loginScenario" data-provider="loginCredentials" finished-at="2018-12-11T13:30:53Z" duration-ms="34977" status="PASS">
          <params>
            <param index="0">
              <value>
                <![CDATA[alizzz.ali18@gmail.com]]>
              </value>
            </param>
            <param index="1">
              <value>
                <![CDATA[barakatali]]>
              </value>
            </param>
            <param index="2">
              <value>
                <![CDATA[Correct credentials]]>
              </value>
            </param>
          </params>
          <reporter-output>
          </reporter-output>
        </test-method> <!-- loginScenario -->
        <test-method is-config="true" signature="quitTheBrowser()[pri:0, instance:com.accenture.ESC.HomePageTest@672872e1]" started-at="2018-12-11T13:30:55Z" name="quitTheBrowser" finished-at="2018-12-11T13:30:57Z" duration-ms="2147" status="PASS">
          <reporter-output>
          </reporter-output>
        </test-method> <!-- quitTheBrowser -->
      </class> <!-- com.accenture.ESC.HomePageTest -->
    </test> <!-- HomePage -->
  </suite> <!-- Suite -->
</testng-results>
